2022-10-26 20:06:49,273 INFO org.hibernate.validator.internal.util.Version [background-preinit] HV000001: Hibernate Validator 6.2.5.Final
2022-10-26 20:06:49,276 INFO org.springframework.boot.StartupInfoLogger [main] Starting DataJpaBooksProjectApplication using Java 17.0.4.1 on DESKTOP-N2KRF5H with PID 14912 (C:\Users\princ\Desktop\projects\data-jpa-books-project\target\classes started by princ in C:\Users\princ\Desktop\projects\data-jpa-books-project)
2022-10-26 20:06:49,276 DEBUG org.springframework.boot.StartupInfoLogger [main] Running with Spring Boot v2.7.5, Spring v5.3.23
2022-10-26 20:06:49,277 INFO org.springframework.boot.SpringApplication [main] No active profile set, falling back to 1 default profile: "default"
2022-10-26 20:06:49,618 INFO org.springframework.data.repository.config.RepositoryConfigurationDelegate [main] Bootstrapping Spring Data JPA repositories in DEFAULT mode.
2022-10-26 20:06:49,652 INFO org.springframework.data.repository.config.RepositoryConfigurationDelegate [main] Finished Spring Data repository scanning in 29 ms. Found 2 JPA repository interfaces.
2022-10-26 20:06:49,940 INFO org.springframework.boot.web.embedded.tomcat.TomcatWebServer [main] Tomcat initialized with port(s): 8080 (http)
2022-10-26 20:06:49,946 INFO org.apache.juli.logging.DirectJDKLog [main] Initializing ProtocolHandler ["http-nio-8080"]
2022-10-26 20:06:49,947 INFO org.apache.juli.logging.DirectJDKLog [main] Starting service [Tomcat]
2022-10-26 20:06:49,948 INFO org.apache.juli.logging.DirectJDKLog [main] Starting Servlet engine: [Apache Tomcat/9.0.68]
2022-10-26 20:06:50,005 INFO org.apache.juli.logging.DirectJDKLog [main] Initializing Spring embedded WebApplicationContext
2022-10-26 20:06:50,005 INFO org.springframework.boot.web.servlet.context.ServletWebServerApplicationContext [main] Root WebApplicationContext: initialization completed in 702 ms
2022-10-26 20:06:50,085 INFO org.hibernate.jpa.internal.util.LogHelper [main] HHH000204: Processing PersistenceUnitInfo [name: default]
2022-10-26 20:06:50,113 INFO org.hibernate.Version [main] HHH000412: Hibernate ORM core version 5.6.12.Final
2022-10-26 20:06:50,202 INFO org.hibernate.annotations.common.reflection.java.JavaReflectionManager [main] HCANN000001: Hibernate Commons Annotations {5.1.2.Final}
2022-10-26 20:06:50,255 INFO com.zaxxer.hikari.HikariDataSource [main] HikariPool-1 - Starting...
2022-10-26 20:06:50,347 INFO com.zaxxer.hikari.HikariDataSource [main] HikariPool-1 - Start completed.
2022-10-26 20:06:50,355 INFO org.hibernate.dialect.Dialect [main] HHH000400: Using dialect: org.hibernate.dialect.MySQL8Dialect
2022-10-26 20:06:50,764 INFO org.hibernate.engine.transaction.jta.platform.internal.JtaPlatformInitiator [main] HHH000490: Using JtaPlatform implementation: [org.hibernate.engine.transaction.jta.platform.internal.NoJtaPlatform]
2022-10-26 20:06:50,769 INFO org.springframework.orm.jpa.AbstractEntityManagerFactoryBean [main] Initialized JPA EntityManagerFactory for persistence unit 'default'
2022-10-26 20:06:51,082 WARN org.springframework.boot.autoconfigure.orm.jpa.JpaBaseConfiguration$JpaWebConfiguration [main] spring.jpa.open-in-view is enabled by default. Therefore, database queries may be performed during view rendering. Explicitly configure spring.jpa.open-in-view to disable this warning
2022-10-26 20:06:51,259 INFO org.apache.juli.logging.DirectJDKLog [main] Starting ProtocolHandler ["http-nio-8080"]
2022-10-26 20:06:51,273 INFO org.springframework.boot.web.embedded.tomcat.TomcatWebServer [main] Tomcat started on port(s): 8080 (http) with context path ''
2022-10-26 20:06:51,278 INFO org.springframework.boot.StartupInfoLogger [main] Started DataJpaBooksProjectApplication in 2.192 seconds (JVM running for 2.733)
2022-10-26 20:06:51,302 DEBUG org.hibernate.engine.jdbc.spi.SqlStatementLogger [main] 
    select
        author0_.id as id1_0_,
        author0_.created_by as created_2_0_,
        author0_.created_date as created_3_0_,
        author0_.last_modified_by as last_mod4_0_,
        author0_.last_modified_date as last_mod5_0_,
        author0_.status_code as status_c6_0_,
        author0_.email as email7_0_,
        author0_.ip_address as ip_addre8_0_,
        author0_.name as name9_0_,
        (select
            count(*) 
        from
            books b 
        where
            b.author_id = author0_.id) as formula1_ 
    from
        authors author0_
2022-10-26 20:06:51,322 DEBUG org.hibernate.engine.jdbc.spi.SqlStatementLogger [main] 
    select
        book0_.id as id1_1_0_,
        author1_.id as id1_0_1_,
        book0_.created_by as created_2_1_0_,
        book0_.created_date as created_3_1_0_,
        book0_.last_modified_by as last_mod4_1_0_,
        book0_.last_modified_date as last_mod5_1_0_,
        book0_.status_code as status_c6_1_0_,
        book0_.author_id as author_i9_1_0_,
        book0_.name as name7_1_0_,
        book0_.price as price8_1_0_,
        (select
            count(*) 
        from
            books) as formula2_0_,
        author1_.created_by as created_2_0_1_,
        author1_.created_date as created_3_0_1_,
        author1_.last_modified_by as last_mod4_0_1_,
        author1_.last_modified_date as last_mod5_0_1_,
        author1_.status_code as status_c6_0_1_,
        author1_.email as email7_0_1_,
        author1_.ip_address as ip_addre8_0_1_,
        author1_.name as name9_0_1_,
        (select
            count(*) 
        from
            books b 
        where
            b.author_id = author1_.id) as formula1_1_ 
    from
        books book0_ 
    left outer join
        authors author1_ 
            on book0_.author_id=author1_.id
2022-10-26 20:08:51,777 INFO org.springframework.boot.admin.SpringApplicationAdminMXBeanRegistrar$SpringApplicationAdmin [RMI TCP Connection(4)-127.0.0.1] Application shutdown requested.
2022-10-26 20:08:51,810 INFO org.apache.juli.logging.DirectJDKLog [RMI TCP Connection(4)-127.0.0.1] Pausing ProtocolHandler ["http-nio-8080"]
2022-10-26 20:08:51,810 INFO org.apache.juli.logging.DirectJDKLog [RMI TCP Connection(4)-127.0.0.1] Stopping service [Tomcat]
2022-10-26 20:08:51,813 INFO org.apache.juli.logging.DirectJDKLog [RMI TCP Connection(4)-127.0.0.1] Stopping ProtocolHandler ["http-nio-8080"]
2022-10-26 20:08:51,815 INFO org.apache.juli.logging.DirectJDKLog [RMI TCP Connection(4)-127.0.0.1] Destroying ProtocolHandler ["http-nio-8080"]
2022-10-26 20:08:51,817 INFO org.springframework.orm.jpa.AbstractEntityManagerFactoryBean [RMI TCP Connection(4)-127.0.0.1] Closing JPA EntityManagerFactory for persistence unit 'default'
2022-10-26 20:08:51,818 INFO com.zaxxer.hikari.HikariDataSource [RMI TCP Connection(4)-127.0.0.1] HikariPool-1 - Shutdown initiated...
2022-10-26 20:08:51,823 INFO com.zaxxer.hikari.HikariDataSource [RMI TCP Connection(4)-127.0.0.1] HikariPool-1 - Shutdown completed.
